#
# There is insufficient memory for the Java Runtime Environment to continue.
# Native memory allocation (malloc) failed to allocate 1048576 bytes. Error detail: AllocateHeap
# Possible reasons:
#   The system is out of physical RAM or swap space
#   This process is running with CompressedOops enabled, and the Java Heap may be blocking the growth of the native heap
# Possible solutions:
#   Reduce memory load on the system
#   Increase physical memory or swap space
#   Check if swap backing store is full
#   Decrease Java heap size (-Xmx/-Xms)
#   Decrease number of Java threads
#   Decrease Java thread stack sizes (-Xss)
#   Set larger code cache with -XX:ReservedCodeCacheSize=
#   JVM is running with Unscaled Compressed Oops mode in which the Java heap is
#     placed in the first 4GB address space. The Java Heap base address is the
#     maximum limit for the native heap growth. Please use -XX:HeapBaseMinAddress
#     to set the Java Heap base and to place the Java Heap above 4GB virtual address.
# This output file may be truncated or incomplete.
#
#  Out of Memory Error (allocation.cpp:44), pid=17800, tid=9476
#
# JRE version: OpenJDK Runtime Environment Temurin-21.0.10+7 (21.0.10+7) (build 21.0.10+7-LTS)
# Java VM: OpenJDK 64-Bit Server VM Temurin-21.0.10+7 (21.0.10+7-LTS, mixed mode, sharing, tiered, compressed oops, compressed class ptrs, parallel gc, windows-amd64)
# No core dump will be written. Minidumps are not enabled by default on client versions of Windows
#

---------------  S U M M A R Y ------------

Command Line: --add-modules=ALL-SYSTEM --add-opens=java.base/java.util=ALL-UNNAMED --add-opens=java.base/java.lang=ALL-UNNAMED --add-opens=java.base/sun.nio.fs=ALL-UNNAMED -Declipse.application=org.eclipse.jdt.ls.core.id1 -Dosgi.bundles.defaultStartLevel=4 -Declipse.product=org.eclipse.jdt.ls.core.product -Djava.import.generatesMetadataFilesAtProjectRoot=false -DDetectVMInstallationsJob.disabled=true -Dfile.encoding=utf8 -XX:+UseParallelGC -XX:GCTimeRatio=4 -XX:AdaptiveSizePolicyWeight=90 -Dsun.zip.disableMemoryMapping=true -Xmx2G -Xms100m -Xlog:disable -javaagent:c:\Users\10User\.antigravity\extensions\redhat.java-1.53.0-win32-x64\lombok\lombok-1.18.39-4050.jar -XX:+HeapDumpOnOutOfMemoryError -XX:HeapDumpPath=c:\Users\10User\AppData\Roaming\Antigravity\User\workspaceStorage\87b9c16336d0eeb3b61819c84efdccda\redhat.java -Daether.dependencyCollector.impl=bf c:\Users\10User\.antigravity\extensions\redhat.java-1.53.0-win32-x64\server\plugins\org.eclipse.equinox.launcher_1.7.100.v20251111-0406.jar -configuration c:\Users\10User\AppData\Roaming\Antigravity\User\globalStorage\redhat.java\1.53.0\config_win -data c:\Users\10User\AppData\Roaming\Antigravity\User\workspaceStorage\87b9c16336d0eeb3b61819c84efdccda\redhat.java\jdt_ws --pipe=\\.\pipe\lsp-0e3cd48ecbf6fcf8206ce250dc1868b6-sock

Host: Intel(R) Core(TM) i5-8350U CPU @ 1.70GHz, 8 cores, 15G,  Windows 11 , 64 bit Build 22621 (10.0.22621.5415)
Time: Fri Apr 10 00:53:54 2026 Middle East Daylight Time elapsed time: 8663.976035 seconds (0d 2h 24m 23s)

---------------  T H R E A D  ---------------

Current thread (0x000002c418b5f610):  JavaThread "Attach Listener" daemon [_thread_in_vm, id=9476, stack(0x000000d136100000,0x000000d136200000) (1024K)]

Stack: [0x000000d136100000,0x000000d136200000]
Native frames: (J=compiled Java code, j=interpreted, Vv=VM code, C=native code)
V  [jvm.dll+0x6d7a39]
V  [jvm.dll+0x8b4b26]
V  [jvm.dll+0x8b70de]
V  [jvm.dll+0x8b77c3]
V  [jvm.dll+0x284346]
V  [jvm.dll+0xc1277]
V  [jvm.dll+0x6d82e9]
V  [jvm.dll+0x1334a6]
V  [jvm.dll+0x3f857e]
V  [jvm.dll+0x85f59d]
V  [jvm.dll+0x6d626d]
C  [ucrtbase.dll+0x29333]
C  [KERNEL32.DLL+0x1259d]
C  [ntdll.dll+0x5af78]


---------------  P R O C E S S  ---------------

Threads class SMR info:
_java_thread_list=0x000002c4788b2200, length=34, elements={
0x000002c47fbd6ee0, 0x000002c418b59780, 0x000002c418b5b280, 0x000002c418b5dba0,
0x000002c418b5f610, 0x000002c418b60330, 0x000002c418b657e0, 0x000002c418b66dc0,
0x000002c45b4752e0, 0x000002c45b655ca0, 0x000002c45b732840, 0x000002c4606b2740,
0x000002c460877ff0, 0x000002c46080aac0, 0x000002c4608355c0, 0x000002c460d99cd0,
0x000002c460ad8e40, 0x000002c45b65f010, 0x000002c45b7c1a40, 0x000002c45b7c2df0,
0x000002c45b7c20d0, 0x000002c45b7c41a0, 0x000002c45b7c3b10, 0x000002c45b7c13b0,
0x000002c464538170, 0x000002c46453af60, 0x000002c464536730, 0x000002c46453b5f0,
0x000002c464539bb0, 0x000002c464534660, 0x000002c464537ae0, 0x000002c4645360a0,
0x000002c464537450, 0x000002c464538800
}

Java Threads: ( => current thread )
  0x000002c47fbd6ee0 JavaThread "main"                              [_thread_blocked, id=8896, stack(0x000000d135a00000,0x000000d135b00000) (1024K)]
  0x000002c418b59780 JavaThread "Reference Handler"          daemon [_thread_blocked, id=15008, stack(0x000000d135e00000,0x000000d135f00000) (1024K)]
  0x000002c418b5b280 JavaThread "Finalizer"                  daemon [_thread_blocked, id=32256, stack(0x000000d135f00000,0x000000d136000000) (1024K)]
  0x000002c418b5dba0 JavaThread "Signal Dispatcher"          daemon [_thread_blocked, id=25700, stack(0x000000d136000000,0x000000d136100000) (1024K)]
=>0x000002c418b5f610 JavaThread "Attach Listener"            daemon [_thread_in_vm, id=9476, stack(0x000000d136100000,0x000000d136200000) (1024K)]
  0x000002c418b60330 JavaThread "Service Thread"             daemon [_thread_blocked, id=30304, stack(0x000000d136200000,0x000000d136300000) (1024K)]
  0x000002c418b657e0 JavaThread "Monitor Deflation Thread"   daemon [_thread_blocked, id=26532, stack(0x000000d136300000,0x000000d136400000) (1024K)]
  0x000002c418b66dc0 JavaThread "C2 CompilerThread0"         daemon [_thread_blocked, id=2236, stack(0x000000d136400000,0x000000d136500000) (1024K)]
  0x000002c45b4752e0 JavaThread "C1 CompilerThread0"         daemon [_thread_blocked, id=8812, stack(0x000000d136500000,0x000000d136600000) (1024K)]
  0x000002c45b655ca0 JavaThread "Common-Cleaner"             daemon [_thread_blocked, id=23108, stack(0x000000d136600000,0x000000d136700000) (1024K)]
  0x000002c45b732840 JavaThread "Notification Thread"        daemon [_thread_blocked, id=25000, stack(0x000000d136700000,0x000000d136800000) (1024K)]
  0x000002c4606b2740 JavaThread "Active Thread: Equinox Container: 768d3a1f-e8de-4d27-9a29-74a4dc7d05cc"        [_thread_blocked, id=10652, stack(0x000000d136800000,0x000000d136900000) (1024K)]
  0x000002c460877ff0 JavaThread "Refresh Thread: Equinox Container: 768d3a1f-e8de-4d27-9a29-74a4dc7d05cc" daemon [_thread_blocked, id=26580, stack(0x000000d137100000,0x000000d137200000) (1024K)]
  0x000002c46080aac0 JavaThread "Framework Event Dispatcher: Equinox Container: 768d3a1f-e8de-4d27-9a29-74a4dc7d05cc" daemon [_thread_blocked, id=17732, stack(0x000000d137200000,0x000000d137300000) (1024K)]
  0x000002c4608355c0 JavaThread "Start Level: Equinox Container: 768d3a1f-e8de-4d27-9a29-74a4dc7d05cc" daemon [_thread_blocked, id=10820, stack(0x000000d137300000,0x000000d137400000) (1024K)]
  0x000002c460d99cd0 JavaThread "Bundle File Closer"         daemon [_thread_blocked, id=9508, stack(0x000000d137500000,0x000000d137600000) (1024K)]
  0x000002c460ad8e40 JavaThread "SCR Component Actor"        daemon [_thread_blocked, id=21568, stack(0x000000d136f00000,0x000000d137000000) (1024K)]
  0x000002c45b65f010 JavaThread "Worker-JM"                         [_thread_blocked, id=29652, stack(0x000000d137700000,0x000000d137800000) (1024K)]
  0x000002c45b7c1a40 JavaThread "JNA Cleaner"                daemon [_thread_blocked, id=19840, stack(0x000000d137400000,0x000000d137500000) (1024K)]
  0x000002c45b7c2df0 JavaThread "Worker-0"                          [_thread_blocked, id=24820, stack(0x000000d137600000,0x000000d137700000) (1024K)]
  0x000002c45b7c20d0 JavaThread "Java indexing"              daemon [_thread_blocked, id=29268, stack(0x000000d137c00000,0x000000d137d00000) (1024K)]
  0x000002c45b7c41a0 JavaThread "Worker-3"                          [_thread_blocked, id=28036, stack(0x000000d137b00000,0x000000d137c00000) (1024K)]
  0x000002c45b7c3b10 JavaThread "Thread-1"                   daemon [_thread_in_native, id=24304, stack(0x000000d138100000,0x000000d138200000) (1024K)]
  0x000002c45b7c13b0 JavaThread "Thread-2"                   daemon [_thread_in_native, id=25912, stack(0x000000d138200000,0x000000d138300000) (1024K)]
  0x000002c464538170 JavaThread "Thread-3"                   daemon [_thread_in_native, id=24416, stack(0x000000d138300000,0x000000d138400000) (1024K)]
  0x000002c46453af60 JavaThread "Thread-4"                   daemon [_thread_in_native, id=2488, stack(0x000000d138400000,0x000000d138500000) (1024K)]
  0x000002c464536730 JavaThread "Thread-5"                   daemon [_thread_in_native, id=1956, stack(0x000000d138500000,0x000000d138600000) (1024K)]
  0x000002c46453b5f0 JavaThread "Thread-6"                   daemon [_thread_in_native, id=4696, stack(0x000000d138600000,0x000000d138700000) (1024K)]
  0x000002c464539bb0 JavaThread "Thread-7"                   daemon [_thread_in_native, id=9316, stack(0x000000d138700000,0x000000d138800000) (1024K)]
  0x000002c464534660 JavaThread "Thread-8"                   daemon [_thread_in_native, id=22004, stack(0x000000d138800000,0x000000d138900000) (1024K)]
  0x000002c464537ae0 JavaThread "Thread-9"                   daemon [_thread_in_native, id=23188, stack(0x000000d138900000,0x000000d138a00000) (1024K)]
  0x000002c4645360a0 JavaThread "pool-2-thread-1"                   [_thread_blocked, id=4108, stack(0x000000d138a00000,0x000000d138b00000) (1024K)]
  0x000002c464537450 JavaThread "WorkspaceEventsHandler"            [_thread_blocked, id=26196, stack(0x000000d138b00000,0x000000d138c00000) (1024K)]
  0x000002c464538800 JavaThread "pool-1-thread-1"                   [_thread_blocked, id=22876, stack(0x000000d138c00000,0x000000d138d00000) (1024K)]
Total: 34

Other Threads:
  0x000002c4021aeb40 VMThread "VM Thread"                           [id=13672, stack(0x000000d135d00000,0x000000d135e00000) (1024K)]
  0x000002c418a7ca00 WatcherThread "VM Periodic Task Thread"        [id=20264, stack(0x000000d135c00000,0x000000d135d00000) (1024K)]
  0x000002c402113f90 WorkerThread "GC Thread#0"                     [id=27592, stack(0x000000d135b00000,0x000000d135c00000) (1024K)]
  0x000002c46019c6b0 WorkerThread "GC Thread#1"                     [id=25256, stack(0x000000d136900000,0x000000d136a00000) (1024K)]
  0x000002c4607c9970 WorkerThread "GC Thread#2"                     [id=27920, stack(0x000000d136a00000,0x000000d136b00000) (1024K)]
  0x000002c4607c3960 WorkerThread "GC Thread#3"                     [id=30248, stack(0x000000d136b00000,0x000000d136c00000) (1024K)]
  0x000002c4607c3d10 WorkerThread "GC Thread#4"                     [id=33080, stack(0x000000d136c00000,0x000000d136d00000) (1024K)]
  0x000002c4607c40c0 WorkerThread "GC Thread#5"                     [id=352, stack(0x000000d136d00000,0x000000d136e00000) (1024K)]
  0x000002c4607c4470 WorkerThread "GC Thread#6"                     [id=20280, stack(0x000000d136e00000,0x000000d136f00000) (1024K)]
  0x000002c4608776f0 WorkerThread "GC Thread#7"                     [id=4376, stack(0x000000d137000000,0x000000d137100000) (1024K)]
Total: 10

Threads with active compile tasks:
Total: 0

VM state: not at safepoint (normal execution)

VM Mutex/Monitor currently owned by a thread: None

Heap address: 0x0000000080000000, size: 2048 MB, Compressed Oops mode: 32-bit

CDS archive(s) mapped at: [0x000002c419000000-0x000002c419ba0000-0x000002c419ba0000), size 12189696, SharedBaseAddress: 0x000002c419000000, ArchiveRelocationMode: 1.
Compressed class space mapped at: 0x000002c41a000000-0x000002c45a000000, reserved size: 1073741824
Narrow klass base: 0x000002c419000000, Narrow klass shift: 0, Narrow klass range: 0x100000000

GC Precious Log:
 CardTable entry size: 512
 CPUs: 8 total, 8 available
 Memory: 16254M
 Large Page Support: Disabled
 NUMA Support: Disabled
 Compressed Oops: Enabled (32-bit)
 Alignments: Space 512K, Generation 512K, Heap 2M
 Heap Min Capacity: 100M
 Heap Initial Capacity: 100M
 Heap Max Capacity: 2G
 Pre-touch: Disabled
 Parallel Workers: 8

Heap:
 PSYoungGen      total 6144K, used 3414K [0x00000000d5580000, 0x00000000d5c80000, 0x0000000100000000)
  eden space 5120K, 57% used [0x00000000d5580000,0x00000000d585d910,0x00000000d5a80000)
  from space 1024K, 46% used [0x00000000d5a80000,0x00000000d5af8000,0x00000000d5b80000)
  to   space 1024K, 0% used [0x00000000d5b80000,0x00000000d5b80000,0x00000000d5c80000)
 ParOldGen       total 164864K, used 164387K [0x0000000080000000, 0x000000008a100000, 0x00000000d5580000)
  object space 164864K, 99% used [0x0000000080000000,0x000000008a088e28,0x000000008a100000)
 Metaspace       used 66586K, committed 68096K, reserved 1114112K
  class space    used 6720K, committed 7360K, reserved 1048576K

Card table byte_map: [0x000002c401ac0000,0x000002c401ed0000] _byte_map_base: 0x000002c4016c0000

Marking Bits: (ParMarkBitMap*) 0x00007ffb8c9c3450
 Begin Bits: [0x000002c4145a0000, 0x000002c4165a0000)
 End Bits:   [0x000002c4165a0000, 0x000002c4185a0000)

Polling page: 0x000002c4018b0000

Metaspace:

Usage:
  Non-class:     58.46 MB used.
      Class:      6.56 MB used.
       Both:     65.03 MB used.

Virtual space:
  Non-class space:       64.00 MB reserved,      59.31 MB ( 93%) committed,  1 nodes.
      Class space:        1.00 GB reserved,       7.19 MB ( <1%) committed,  1 nodes.
             Both:        1.06 GB reserved,      66.50 MB (  6%) committed. 

Chunk freelists:
   Non-Class:  4.44 MB
       Class:  8.76 MB
        Both:  13.20 MB

MaxMetaspaceSize: unlimited
CompressedClassSpaceSize: 1.00 GB
Initial GC threshold: 21.00 MB
Current GC threshold: 97.31 MB
CDS: on
 - commit_granule_bytes: 65536.
 - commit_granule_words: 8192.
 - virtual_space_node_default_size: 8388608.
 - enlarge_chunks_in_place: 1.
 - use_allocation_guard: 0.


Internal statistics:

num_allocs_failed_limit: 9.
num_arena_births: 1346.
num_arena_deaths: 14.
num_vsnodes_births: 2.
num_vsnodes_deaths: 0.
num_space_committed: 1064.
num_space_uncommitted: 0.
num_chunks_returned_to_freelist: 23.
num_chunks_taken_from_freelist: 4513.
num_chunk_merges: 14.
num_chunk_splits: 2802.
num_chunks_enlarged: 1594.
num_inconsistent_stats: 0.

CodeHeap 'non-profiled nmethods': size=120000Kb used=14006Kb max_used=14006Kb free=105993Kb
 bounds [0x000002c40cdc0000, 0x000002c40db70000, 0x000002c4142f0000]
CodeHeap 'profiled nmethods': size=120000Kb used=36083Kb max_used=36083Kb free=83916Kb
 bounds [0x000002c4052f0000, 0x000002c407630000, 0x000002c40c820000]
CodeHeap 'non-nmethods': size=5760Kb used=1425Kb max_used=1647Kb free=4334Kb
 bounds [0x000002c40c820000, 0x000002c40ca90000, 0x000002c40cdc0000]
CodeCache: size=245760Kb, used=51514Kb, max_used=51736Kb, free=194243Kb
 total_blobs=14984, nmethods=14247, adapters=641, full_count=0
Compilation: enabled, stopped_count=0, restarted_count=0

Compilation events (20 events):
Event: 7386.081 Thread 0x000002c45b4752e0 15123   !   3       org.eclipse.osgi.container.ModuleDatabase::getTimestamp (25 bytes)
Event: 7386.083 Thread 0x000002c45b4752e0 nmethod 15123 0x000002c407625d10 code [0x000002c407625f60, 0x000002c4076268a8]
Event: 7506.091 Thread 0x000002c45b4752e0 15124       3       org.eclipse.osgi.storage.Storage::isReadOnly (10 bytes)
Event: 7506.094 Thread 0x000002c45b4752e0 nmethod 15124 0x000002c407626d10 code [0x000002c407626ec0, 0x000002c407627040]
Event: 7686.139 Thread 0x000002c45b4752e0 15125   !   3       org.eclipse.osgi.internal.framework.StorageSaver$StorageSaverTask::run (31 bytes)
Event: 7686.149 Thread 0x000002c45b4752e0 nmethod 15125 0x000002c407627110 code [0x000002c4076272e0, 0x000002c407627580]
Event: 7686.149 Thread 0x000002c45b4752e0 15126   !   3       org.eclipse.osgi.storage.Storage::save (62 bytes)
Event: 7686.153 Thread 0x000002c45b4752e0 nmethod 15126 0x000002c407627710 code [0x000002c407627900, 0x000002c407627c70]
Event: 7686.153 Thread 0x000002c45b4752e0 15127   !   3       org.eclipse.osgi.storage.Storage::save0 (246 bytes)
Event: 7686.172 Thread 0x000002c45b4752e0 nmethod 15127 0x000002c407627e10 code [0x000002c407628320, 0x000002c40762af08]
Event: 8343.321 Thread 0x000002c418b66dc0 15128       4       java.util.concurrent.ThreadPoolExecutor::beforeExecute (1 bytes)
Event: 8343.321 Thread 0x000002c418b66dc0 nmethod 15128 0x000002c40db6cc90 code [0x000002c40db6ce20, 0x000002c40db6cea8]
Event: 8406.311 Thread 0x000002c418b66dc0 15129       4       java.util.concurrent.ThreadPoolExecutor::afterExecute (1 bytes)
Event: 8406.311 Thread 0x000002c418b66dc0 nmethod 15129 0x000002c40db6cf90 code [0x000002c40db6d120, 0x000002c40db6d1a8]
Event: 8408.131 Thread 0x000002c45b4752e0 15130       1       org.eclipse.core.internal.jobs.InternalJob::setWaitQueueStamp (6 bytes)
Event: 8408.131 Thread 0x000002c45b4752e0 nmethod 15130 0x000002c40db6d290 code [0x000002c40db6d420, 0x000002c40db6d4e8]
Event: 8408.131 Thread 0x000002c45b4752e0 15131       1       org.eclipse.core.internal.jobs.InternalJob::getName (5 bytes)
Event: 8408.131 Thread 0x000002c45b4752e0 nmethod 15131 0x000002c40db6d590 code [0x000002c40db6d720, 0x000002c40db6d7e8]
Event: 8408.131 Thread 0x000002c45b4752e0 15132       3       org.eclipse.core.internal.resources.MarkerSet::shareStrings (57 bytes)
Event: 8408.132 Thread 0x000002c45b4752e0 nmethod 15132 0x000002c40762c490 code [0x000002c40762c660, 0x000002c40762cbd0]

GC Heap History (20 events):
Event: 99.883 GC heap before
{Heap before GC invocations=201 (full 3):
 PSYoungGen      total 5632K, used 5620K [0x00000000d5580000, 0x00000000d5c80000, 0x0000000100000000)
  eden space 5120K, 100% used [0x00000000d5580000,0x00000000d5a80000,0x00000000d5a80000)
  from space 512K, 97% used [0x00000000d5b00000,0x00000000d5b7d200,0x00000000d5b80000)
  to   space 1024K, 0% used [0x00000000d5b80000,0x00000000d5b80000,0x00000000d5c80000)
 ParOldGen       total 159744K, used 159680K [0x0000000080000000, 0x0000000089c00000, 0x00000000d5580000)
  object space 159744K, 99% used [0x0000000080000000,0x0000000089bf00c0,0x0000000089c00000)
 Metaspace       used 66325K, committed 67904K, reserved 1114112K
  class space    used 6712K, committed 7360K, reserved 1048576K
}
Event: 99.886 GC heap after
{Heap after GC invocations=201 (full 3):
 PSYoungGen      total 6144K, used 624K [0x00000000d5580000, 0x00000000d5c80000, 0x0000000100000000)
  eden space 5120K, 0% used [0x00000000d5580000,0x00000000d5580000,0x00000000d5a80000)
  from space 1024K, 60% used [0x00000000d5b80000,0x00000000d5c1c010,0x00000000d5c80000)
  to   space 1024K, 0% used [0x00000000d5a80000,0x00000000d5a80000,0x00000000d5b80000)
 ParOldGen       total 160256K, used 160132K [0x0000000080000000, 0x0000000089c80000, 0x00000000d5580000)
  object space 160256K, 99% used [0x0000000080000000,0x0000000089c612e0,0x0000000089c80000)
 Metaspace       used 66325K, committed 67904K, reserved 1114112K
  class space    used 6712K, committed 7360K, reserved 1048576K
}
Event: 99.903 GC heap before
{Heap before GC invocations=202 (full 3):
 PSYoungGen      total 6144K, used 5744K [0x00000000d5580000, 0x00000000d5c80000, 0x0000000100000000)
  eden space 5120K, 100% used [0x00000000d5580000,0x00000000d5a80000,0x00000000d5a80000)
  from space 1024K, 60% used [0x00000000d5b80000,0x00000000d5c1c010,0x00000000d5c80000)
  to   space 1024K, 0% used [0x00000000d5a80000,0x00000000d5a80000,0x00000000d5b80000)
 ParOldGen       total 160256K, used 160132K [0x0000000080000000, 0x0000000089c80000, 0x00000000d5580000)
  object space 160256K, 99% used [0x0000000080000000,0x0000000089c612e0,0x0000000089c80000)
 Metaspace       used 66325K, committed 67904K, reserved 1114112K
  class space    used 6712K, committed 7360K, reserved 1048576K
}
Event: 99.905 GC heap after
{Heap after GC invocations=202 (full 3):
 PSYoungGen      total 6144K, used 416K [0x00000000d5580000, 0x00000000d5c00000, 0x0000000100000000)
  eden space 5120K, 0% used [0x00000000d5580000,0x00000000d5580000,0x00000000d5a80000)
  from space 1024K, 40% used [0x00000000d5a80000,0x00000000d5ae8000,0x00000000d5b80000)
  to   space 512K, 0% used [0x00000000d5b80000,0x00000000d5b80000,0x00000000d5c00000)
 ParOldGen       total 160768K, used 160685K [0x0000000080000000, 0x0000000089d00000, 0x00000000d5580000)
  object space 160768K, 99% used [0x0000000080000000,0x0000000089ceb6b0,0x0000000089d00000)
 Metaspace       used 66325K, committed 67904K, reserved 1114112K
  class space    used 6712K, committed 7360K, reserved 1048576K
}
Event: 99.984 GC heap before
{Heap before GC invocations=203 (full 3):
 PSYoungGen      total 6144K, used 5536K [0x00000000d5580000, 0x00000000d5c00000, 0x0000000100000000)
  eden space 5120K, 100% used [0x00000000d5580000,0x00000000d5a80000,0x00000000d5a80000)
  from space 1024K, 40% used [0x00000000d5a80000,0x00000000d5ae8000,0x00000000d5b80000)
  to   space 512K, 0% used [0x00000000d5b80000,0x00000000d5b80000,0x00000000d5c00000)
 ParOldGen       total 160768K, used 160685K [0x0000000080000000, 0x0000000089d00000, 0x00000000d5580000)
  object space 160768K, 99% used [0x0000000080000000,0x0000000089ceb6b0,0x0000000089d00000)
 Metaspace       used 66325K, committed 67904K, reserved 1114112K
  class space    used 6712K, committed 7360K, reserved 1048576K
}
Event: 99.987 GC heap after
{Heap after GC invocations=203 (full 3):
 PSYoungGen      total 5632K, used 384K [0x00000000d5580000, 0x00000000d5c00000, 0x0000000100000000)
  eden space 5120K, 0% used [0x00000000d5580000,0x00000000d5580000,0x00000000d5a80000)
  from space 512K, 75% used [0x00000000d5b80000,0x00000000d5be0000,0x00000000d5c00000)
  to   space 512K, 0% used [0x00000000d5b00000,0x00000000d5b00000,0x00000000d5b80000)
 ParOldGen       total 161280K, used 160932K [0x0000000080000000, 0x0000000089d80000, 0x00000000d5580000)
  object space 161280K, 99% used [0x0000000080000000,0x0000000089d29040,0x0000000089d80000)
 Metaspace       used 66325K, committed 67904K, reserved 1114112K
  class space    used 6712K, committed 7360K, reserved 1048576K
}
Event: 100.016 GC heap before
{Heap before GC invocations=204 (full 3):
 PSYoungGen      total 5632K, used 5504K [0x00000000d5580000, 0x00000000d5c00000, 0x0000000100000000)
  eden space 5120K, 100% used [0x00000000d5580000,0x00000000d5a80000,0x00000000d5a80000)
  from space 512K, 75% used [0x00000000d5b80000,0x00000000d5be0000,0x00000000d5c00000)
  to   space 512K, 0% used [0x00000000d5b00000,0x00000000d5b00000,0x00000000d5b80000)
 ParOldGen       total 161280K, used 160932K [0x0000000080000000, 0x0000000089d80000, 0x00000000d5580000)
  object space 161280K, 99% used [0x0000000080000000,0x0000000089d29040,0x0000000089d80000)
 Metaspace       used 66332K, committed 67904K, reserved 1114112K
  class space    used 6712K, committed 7360K, reserved 1048576K
}
Event: 100.018 GC heap after
{Heap after GC invocations=204 (full 3):
 PSYoungGen      total 5632K, used 506K [0x00000000d5580000, 0x00000000d5c80000, 0x0000000100000000)
  eden space 5120K, 0% used [0x00000000d5580000,0x00000000d5580000,0x00000000d5a80000)
  from space 512K, 98% used [0x00000000d5b00000,0x00000000d5b7e900,0x00000000d5b80000)
  to   space 1024K, 0% used [0x00000000d5b80000,0x00000000d5b80000,0x00000000d5c80000)
 ParOldGen       total 161280K, used 161239K [0x0000000080000000, 0x0000000089d80000, 0x00000000d5580000)
  object space 161280K, 99% used [0x0000000080000000,0x0000000089d75d28,0x0000000089d80000)
 Metaspace       used 66332K, committed 67904K, reserved 1114112K
  class space    used 6712K, committed 7360K, reserved 1048576K
}
Event: 100.040 GC heap before
{Heap before GC invocations=205 (full 3):
 PSYoungGen      total 5632K, used 5626K [0x00000000d5580000, 0x00000000d5c80000, 0x0000000100000000)
  eden space 5120K, 100% used [0x00000000d5580000,0x00000000d5a80000,0x00000000d5a80000)
  from space 512K, 98% used [0x00000000d5b00000,0x00000000d5b7e900,0x00000000d5b80000)
  to   space 1024K, 0% used [0x00000000d5b80000,0x00000000d5b80000,0x00000000d5c80000)
 ParOldGen       total 161280K, used 161239K [0x0000000080000000, 0x0000000089d80000, 0x00000000d5580000)
  object space 161280K, 99% used [0x0000000080000000,0x0000000089d75d28,0x0000000089d80000)
 Metaspace       used 66332K, committed 67904K, reserved 1114112K
  class space    used 6712K, committed 7360K, reserved 1048576K
}
Event: 100.042 GC heap after
{Heap after GC invocations=205 (full 3):
 PSYoungGen      total 6144K, used 352K [0x00000000d5580000, 0x00000000d5c80000, 0x0000000100000000)
  eden space 5120K, 0% used [0x00000000d5580000,0x00000000d5580000,0x00000000d5a80000)
  from space 1024K, 34% used [0x00000000d5b80000,0x00000000d5bd8020,0x00000000d5c80000)
  to   space 1024K, 0% used [0x00000000d5a80000,0x00000000d5a80000,0x00000000d5b80000)
 ParOldGen       total 161792K, used 161720K [0x0000000080000000, 0x0000000089e00000, 0x00000000d5580000)
  object space 161792K, 99% used [0x0000000080000000,0x0000000089dee1b8,0x0000000089e00000)
 Metaspace       used 66332K, committed 67904K, reserved 1114112K
  class space    used 6712K, committed 7360K, reserved 1048576K
}
Event: 100.058 GC heap before
{Heap before GC invocations=206 (full 3):
 PSYoungGen      total 6144K, used 5472K [0x00000000d5580000, 0x00000000d5c80000, 0x0000000100000000)
  eden space 5120K, 100% used [0x00000000d5580000,0x00000000d5a80000,0x00000000d5a80000)
  from space 1024K, 34% used [0x00000000d5b80000,0x00000000d5bd8020,0x00000000d5c80000)
  to   space 1024K, 0% used [0x00000000d5a80000,0x00000000d5a80000,0x00000000d5b80000)
 ParOldGen       total 161792K, used 161720K [0x0000000080000000, 0x0000000089e00000, 0x00000000d5580000)
  object space 161792K, 99% used [0x0000000080000000,0x0000000089dee1b8,0x0000000089e00000)
 Metaspace       used 66333K, committed 67904K, reserved 1114112K
  class space    used 6712K, committed 7360K, reserved 1048576K
}
Event: 100.061 GC heap after
{Heap after GC invocations=206 (full 3):
 PSYoungGen      total 6144K, used 864K [0x00000000d5580000, 0x00000000d5c80000, 0x0000000100000000)
  eden space 5120K, 0% used [0x00000000d5580000,0x00000000d5580000,0x00000000d5a80000)
  from space 1024K, 84% used [0x00000000d5a80000,0x00000000d5b58010,0x00000000d5b80000)
  to   space 1024K, 0% used [0x00000000d5b80000,0x00000000d5b80000,0x00000000d5c80000)
 ParOldGen       total 162304K, used 161992K [0x0000000080000000, 0x0000000089e80000, 0x00000000d5580000)
  object space 162304K, 99% used [0x0000000080000000,0x0000000089e321d8,0x0000000089e80000)
 Metaspace       used 66333K, committed 67904K, reserved 1114112K
  class space    used 6712K, committed 7360K, reserved 1048576K
}
Event: 100.132 GC heap before
{Heap before GC invocations=207 (full 3):
 PSYoungGen      total 6144K, used 5984K [0x00000000d5580000, 0x00000000d5c80000, 0x0000000100000000)
  eden space 5120K, 100% used [0x00000000d5580000,0x00000000d5a80000,0x00000000d5a80000)
  from space 1024K, 84% used [0x00000000d5a80000,0x00000000d5b58010,0x00000000d5b80000)
  to   space 1024K, 0% used [0x00000000d5b80000,0x00000000d5b80000,0x00000000d5c80000)
 ParOldGen       total 162304K, used 161992K [0x0000000080000000, 0x0000000089e80000, 0x00000000d5580000)
  object space 162304K, 99% used [0x0000000080000000,0x0000000089e321d8,0x0000000089e80000)
 Metaspace       used 66368K, committed 67968K, reserved 1114112K
  class space    used 6712K, committed 7360K, reserved 1048576K
}
Event: 100.137 GC heap after
{Heap after GC invocations=207 (full 3):
 PSYoungGen      total 6144K, used 788K [0x00000000d5580000, 0x00000000d5c80000, 0x0000000100000000)
  eden space 5120K, 0% used [0x00000000d5580000,0x00000000d5580000,0x00000000d5a80000)
  from space 1024K, 77% used [0x00000000d5b80000,0x00000000d5c45200,0x00000000d5c80000)
  to   space 1024K, 0% used [0x00000000d5a80000,0x00000000d5a80000,0x00000000d5b80000)
 ParOldGen       total 162816K, used 162728K [0x0000000080000000, 0x0000000089f00000, 0x00000000d5580000)
  object space 162816K, 99% used [0x0000000080000000,0x0000000089eea1d8,0x0000000089f00000)
 Metaspace       used 66368K, committed 67968K, reserved 1114112K
  class space    used 6712K, committed 7360K, reserved 1048576K
}
Event: 100.151 GC heap before
{Heap before GC invocations=208 (full 3):
 PSYoungGen      total 6144K, used 5908K [0x00000000d5580000, 0x00000000d5c80000, 0x0000000100000000)
  eden space 5120K, 100% used [0x00000000d5580000,0x00000000d5a80000,0x00000000d5a80000)
  from space 1024K, 77% used [0x00000000d5b80000,0x00000000d5c45200,0x00000000d5c80000)
  to   space 1024K, 0% used [0x00000000d5a80000,0x00000000d5a80000,0x00000000d5b80000)
 ParOldGen       total 162816K, used 162728K [0x0000000080000000, 0x0000000089f00000, 0x00000000d5580000)
  object space 162816K, 99% used [0x0000000080000000,0x0000000089eea1d8,0x0000000089f00000)
 Metaspace       used 66368K, committed 67968K, reserved 1114112K
  class space    used 6712K, committed 7360K, reserved 1048576K
}
Event: 100.154 GC heap after
{Heap after GC invocations=208 (full 3):
 PSYoungGen      total 6144K, used 352K [0x00000000d5580000, 0x00000000d5c80000, 0x0000000100000000)
  eden space 5120K, 0% used [0x00000000d5580000,0x00000000d5580000,0x00000000d5a80000)
  from space 1024K, 34% used [0x00000000d5a80000,0x00000000d5ad8020,0x00000000d5b80000)
  to   space 1024K, 0% used [0x00000000d5b80000,0x00000000d5b80000,0x00000000d5c80000)
 ParOldGen       total 163840K, used 163363K [0x0000000080000000, 0x000000008a000000, 0x00000000d5580000)
  object space 163840K, 99% used [0x0000000080000000,0x0000000089f88e08,0x000000008a000000)
 Metaspace       used 66368K, committed 67968K, reserved 1114112K
  class space    used 6712K, committed 7360K, reserved 1048576K
}
Event: 100.181 GC heap before
{Heap before GC invocations=209 (full 3):
 PSYoungGen      total 6144K, used 5472K [0x00000000d5580000, 0x00000000d5c80000, 0x0000000100000000)
  eden space 5120K, 100% used [0x00000000d5580000,0x00000000d5a80000,0x00000000d5a80000)
  from space 1024K, 34% used [0x00000000d5a80000,0x00000000d5ad8020,0x00000000d5b80000)
  to   space 1024K, 0% used [0x00000000d5b80000,0x00000000d5b80000,0x00000000d5c80000)
 ParOldGen       total 163840K, used 163363K [0x0000000080000000, 0x000000008a000000, 0x00000000d5580000)
  object space 163840K, 99% used [0x0000000080000000,0x0000000089f88e08,0x000000008a000000)
 Metaspace       used 66370K, committed 67968K, reserved 1114112K
  class space    used 6712K, committed 7360K, reserved 1048576K
}
Event: 100.183 GC heap after
{Heap after GC invocations=209 (full 3):
 PSYoungGen      total 6144K, used 864K [0x00000000d5580000, 0x00000000d5c80000, 0x0000000100000000)
  eden space 5120K, 0% used [0x00000000d5580000,0x00000000d5580000,0x00000000d5a80000)
  from space 1024K, 84% used [0x00000000d5b80000,0x00000000d5c58000,0x00000000d5c80000)
  to   space 1024K, 0% used [0x00000000d5a80000,0x00000000d5a80000,0x00000000d5b80000)
 ParOldGen       total 163840K, used 163651K [0x0000000080000000, 0x000000008a000000, 0x00000000d5580000)
  object space 163840K, 99% used [0x0000000080000000,0x0000000089fd0e28,0x000000008a000000)
 Metaspace       used 66370K, committed 67968K, reserved 1114112K
  class space    used 6712K, committed 7360K, reserved 1048576K
}
Event: 201.346 GC heap before
{Heap before GC invocations=210 (full 3):
 PSYoungGen      total 6144K, used 5984K [0x00000000d5580000, 0x00000000d5c80000, 0x0000000100000000)
  eden space 5120K, 100% used [0x00000000d5580000,0x00000000d5a80000,0x00000000d5a80000)
  from space 1024K, 84% used [0x00000000d5b80000,0x00000000d5c58000,0x00000000d5c80000)
  to   space 1024K, 0% used [0x00000000d5a80000,0x00000000d5a80000,0x00000000d5b80000)
 ParOldGen       total 163840K, used 163651K [0x0000000080000000, 0x000000008a000000, 0x00000000d5580000)
  object space 163840K, 99% used [0x0000000080000000,0x0000000089fd0e28,0x000000008a000000)
 Metaspace       used 66444K, committed 68032K, reserved 1114112K
  class space    used 6712K, committed 7360K, reserved 1048576K
}
Event: 201.349 GC heap after
{Heap after GC invocations=210 (full 3):
 PSYoungGen      total 6144K, used 480K [0x00000000d5580000, 0x00000000d5c80000, 0x0000000100000000)
  eden space 5120K, 0% used [0x00000000d5580000,0x00000000d5580000,0x00000000d5a80000)
  from space 1024K, 46% used [0x00000000d5a80000,0x00000000d5af8000,0x00000000d5b80000)
  to   space 1024K, 0% used [0x00000000d5b80000,0x00000000d5b80000,0x00000000d5c80000)
 ParOldGen       total 164864K, used 164387K [0x0000000080000000, 0x000000008a100000, 0x00000000d5580000)
  object space 164864K, 99% used [0x0000000080000000,0x000000008a088e28,0x000000008a100000)
 Metaspace       used 66444K, committed 68032K, reserved 1114112K
  class space    used 6712K, committed 7360K, reserved 1048576K
}

Dll operation events (10 events):
Event: 0.028 Loaded shared library c:\Users\10User\.antigravity\extensions\redhat.java-1.53.0-win32-x64\jre\21.0.10-win32-x86_64\bin\java.dll
Event: 0.115 Loaded shared library c:\Users\10User\.antigravity\extensions\redhat.java-1.53.0-win32-x64\jre\21.0.10-win32-x86_64\bin\zip.dll
Event: 0.391 Loaded shared library C:\Users\10User\.antigravity\extensions\redhat.java-1.53.0-win32-x64\jre\21.0.10-win32-x86_64\bin\instrument.dll
Event: 0.401 Loaded shared library C:\Users\10User\.antigravity\extensions\redhat.java-1.53.0-win32-x64\jre\21.0.10-win32-x86_64\bin\net.dll
Event: 0.405 Loaded shared library C:\Users\10User\.antigravity\extensions\redhat.java-1.53.0-win32-x64\jre\21.0.10-win32-x86_64\bin\nio.dll
Event: 0.414 Loaded shared library C:\Users\10User\.antigravity\extensions\redhat.java-1.53.0-win32-x64\jre\21.0.10-win32-x86_64\bin\zip.dll
Event: 0.448 Loaded shared library C:\Users\10User\.antigravity\extensions\redhat.java-1.53.0-win32-x64\jre\21.0.10-win32-x86_64\bin\jimage.dll
Event: 0.698 Loaded shared library c:\Users\10User\.antigravity\extensions\redhat.java-1.53.0-win32-x64\jre\21.0.10-win32-x86_64\bin\verify.dll
Event: 4.043 Loaded shared library C:\Users\10User\AppData\Roaming\Antigravity\User\globalStorage\redhat.java\1.53.0\config_win\org.eclipse.equinox.launcher\org.eclipse.equinox.launcher.win32.win32.x86_64_1.3.0.v20260203-2149\eclipse_11919.dll
Event: 7.472 Loaded shared library C:\Users\10User\AppData\Local\Temp\jna-1449803402\jna16109401201690894444.dll

Deoptimization events (20 events):
Event: 100.213 Thread 0x000002c45b7c41a0 DEOPT PACKING pc=0x000002c40db2d720 sp=0x000000d137bfe990
Event: 100.213 Thread 0x000002c45b7c41a0 DEOPT UNPACKING pc=0x000002c40c873aa2 sp=0x000000d137bfe8c0 mode 2
Event: 100.215 Thread 0x000002c45b7c41a0 DEOPT PACKING pc=0x000002c4071befdf sp=0x000000d137bfe580
Event: 100.215 Thread 0x000002c45b7c41a0 DEOPT UNPACKING pc=0x000002c40c874242 sp=0x000000d137bfda58 mode 0
Event: 201.077 Thread 0x000002c464538800 DEOPT PACKING pc=0x000002c405303ecc sp=0x000000d138cfe260
Event: 201.077 Thread 0x000002c464538800 DEOPT UNPACKING pc=0x000002c40c874242 sp=0x000000d138cfd6c8 mode 0
Event: 1538.239 Thread 0x000002c464537450 Uncommon trap: trap_request=0xffffff45 fr.pc=0x000002c40d6c886c relative=0x00000000000003ac
Event: 1538.239 Thread 0x000002c464537450 Uncommon trap: reason=unstable_if action=reinterpret pc=0x000002c40d6c886c method=org.eclipse.core.runtime.Path.equals(Ljava/lang/Object;)Z @ 120 c2
Event: 1538.239 Thread 0x000002c464537450 DEOPT PACKING pc=0x000002c40d6c886c sp=0x000000d138bfecb0
Event: 1538.239 Thread 0x000002c464537450 DEOPT UNPACKING pc=0x000002c40c873aa2 sp=0x000000d138bfec40 mode 2
Event: 1538.239 Thread 0x000002c464537450 Uncommon trap: trap_request=0xffffff45 fr.pc=0x000002c40d654c64 relative=0x00000000000006c4
Event: 1538.239 Thread 0x000002c464537450 Uncommon trap: reason=unstable_if action=reinterpret pc=0x000002c40d654c64 method=java.net.URI.equal(Ljava/lang/String;Ljava/lang/String;)Z @ 10 c2
Event: 1538.239 Thread 0x000002c464537450 DEOPT PACKING pc=0x000002c40d654c64 sp=0x000000d138bfeda0
Event: 1538.240 Thread 0x000002c464537450 DEOPT UNPACKING pc=0x000002c40c873aa2 sp=0x000000d138bfecf0 mode 2
Event: 1538.248 Thread 0x000002c464537450 Uncommon trap: trap_request=0xffffff45 fr.pc=0x000002c40d325518 relative=0x00000000000002b8
Event: 1538.248 Thread 0x000002c464537450 Uncommon trap: reason=unstable_if action=reinterpret pc=0x000002c40d325518 method=java.net.URI.equal(Ljava/lang/String;Ljava/lang/String;)Z @ 10 c2
Event: 1538.248 Thread 0x000002c464537450 DEOPT PACKING pc=0x000002c40d325518 sp=0x000000d138bfec60
Event: 1538.248 Thread 0x000002c464537450 DEOPT UNPACKING pc=0x000002c40c873aa2 sp=0x000000d138bfec00 mode 2
Event: 4831.600 Thread 0x000002c464537450 DEOPT PACKING pc=0x000002c406593741 sp=0x000000d138bfe770
Event: 4831.600 Thread 0x000002c464537450 DEOPT UNPACKING pc=0x000002c40c874242 sp=0x000000d138bfdc50 mode 0

Classes loaded (20 events):
Event: 82.251 Loading class sun/nio/cs/ISO_8859_1$Decoder
Event: 82.252 Loading class sun/nio/cs/ISO_8859_1$Decoder done
Event: 84.155 Loading class java/util/Collections$2
Event: 84.155 Loading class java/util/Collections$2 done
Event: 84.512 Loading class java/lang/invoke/MethodHandleImpl$CountingWrapper$1
Event: 84.512 Loading class java/lang/invoke/MethodHandleImpl$CountingWrapper$1 done
Event: 85.236 Loading class java/util/HashMap$EntrySpliterator
Event: 85.236 Loading class java/util/HashMap$EntrySpliterator done
Event: 85.933 Loading class java/util/AbstractList$RandomAccessSubList
Event: 85.933 Loading class java/util/AbstractList$SubList
Event: 85.933 Loading class java/util/AbstractList$SubList done
Event: 85.933 Loading class java/util/AbstractList$RandomAccessSubList done
Event: 85.933 Loading class java/util/AbstractList$SubList$1
Event: 85.934 Loading class java/util/AbstractList$SubList$1 done
Event: 1537.864 Loading class java/util/stream/DistinctOps
Event: 1537.876 Loading class java/util/stream/DistinctOps done
Event: 1537.876 Loading class java/util/stream/DistinctOps$1
Event: 1537.892 Loading class java/util/stream/DistinctOps$1 done
Event: 1538.194 Loading class java/util/stream/DistinctOps$1$2
Event: 1538.198 Loading class java/util/stream/DistinctOps$1$2 done

Classes unloaded (7 events):
Event: 9.591 Thread 0x000002c4021aeb40 Unloading class 0x000002c41a1a4c00 'java/lang/invoke/LambdaForm$MH+0x000002c41a1a4c00'
Event: 9.591 Thread 0x000002c4021aeb40 Unloading class 0x000002c41a1a4800 'java/lang/invoke/LambdaForm$MH+0x000002c41a1a4800'
Event: 9.591 Thread 0x000002c4021aeb40 Unloading class 0x000002c41a1a4400 'java/lang/invoke/LambdaForm$MH+0x000002c41a1a4400'
Event: 9.591 Thread 0x000002c4021aeb40 Unloading class 0x000002c41a1a4000 'java/lang/invoke/LambdaForm$MH+0x000002c41a1a4000'
Event: 9.591 Thread 0x000002c4021aeb40 Unloading class 0x000002c41a1a3c00 'java/lang/invoke/LambdaForm$BMH+0x000002c41a1a3c00'
Event: 9.591 Thread 0x000002c4021aeb40 Unloading class 0x000002c41a1a3800 'java/lang/invoke/LambdaForm$DMH+0x000002c41a1a3800'
Event: 9.591 Thread 0x000002c4021aeb40 Unloading class 0x000002c41a1a2800 'java/lang/invoke/LambdaForm$DMH+0x000002c41a1a2800'

Classes redefined (0 events):
No events

Internal exceptions (20 events):
Event: 81.713 Thread 0x000002c4612f3c50 Implicit null exception at 0x000002c40d575e73 to 0x000002c40d576240
Event: 82.647 Thread 0x000002c45b7c2760 Exception <a 'java/lang/NoSuchMethodError'{0x00000000d61044a8}: 'java.lang.Object java.lang.invoke.DirectMethodHandle$Holder.invokeStatic(java.lang.Object, java.lang.Object, int, java.lang.Object, java.lang.Object)'> (0x00000000d61044a8) 
thrown [s\src\hotspot\share\interpreter\linkResolver.cpp, line 773]
Event: 83.104 Thread 0x000002c45b7c2760 Exception <a 'java/io/FileNotFoundException'{0x00000000d5a9e720}> (0x00000000d5a9e720) 
thrown [s\src\hotspot\share\prims\jni.cpp, line 520]
Event: 83.104 Thread 0x000002c45b7c2760 Exception <a 'java/io/FileNotFoundException'{0x00000000d5ae8590}> (0x00000000d5ae8590) 
thrown [s\src\hotspot\share\prims\jni.cpp, line 520]
Event: 83.105 Thread 0x000002c45b7c2760 Exception <a 'java/io/FileNotFoundException'{0x00000000d5ae9328}> (0x00000000d5ae9328) 
thrown [s\src\hotspot\share\prims\jni.cpp, line 520]
Event: 83.594 Thread 0x000002c45b7c2760 Implicit null exception at 0x000002c40cf8a2cf to 0x000002c40cf8a458
Event: 84.156 Thread 0x000002c45b7c2df0 Exception <a 'sun/nio/fs/WindowsException'{0x00000000d6188010}> (0x00000000d6188010) 
thrown [s\src\hotspot\share\prims\jni.cpp, line 520]
Event: 84.156 Thread 0x000002c45b7c2df0 Exception <a 'sun/nio/fs/WindowsException'{0x00000000d6188910}> (0x00000000d6188910) 
thrown [s\src\hotspot\share\prims\jni.cpp, line 520]
Event: 85.012 Thread 0x000002c464538e90 Exception <a 'sun/nio/fs/WindowsException'{0x00000000d57e4278}> (0x00000000d57e4278) 
thrown [s\src\hotspot\share\prims\jni.cpp, line 520]
Event: 85.012 Thread 0x000002c464538e90 Exception <a 'sun/nio/fs/WindowsException'{0x00000000d57e4b78}> (0x00000000d57e4b78) 
thrown [s\src\hotspot\share\prims\jni.cpp, line 520]
Event: 85.012 Thread 0x000002c464538e90 Exception <a 'sun/nio/fs/WindowsException'{0x00000000d57e59b0}> (0x00000000d57e59b0) 
thrown [s\src\hotspot\share\prims\jni.cpp, line 520]
Event: 85.013 Thread 0x000002c464538e90 Exception <a 'sun/nio/fs/WindowsException'{0x00000000d57e62b0}> (0x00000000d57e62b0) 
thrown [s\src\hotspot\share\prims\jni.cpp, line 520]
Event: 85.014 Thread 0x000002c464538e90 Exception <a 'sun/nio/fs/WindowsException'{0x00000000d57e7b18}> (0x00000000d57e7b18) 
thrown [s\src\hotspot\share\prims\jni.cpp, line 520]
Event: 85.014 Thread 0x000002c464538e90 Exception <a 'sun/nio/fs/WindowsException'{0x00000000d57e8418}> (0x00000000d57e8418) 
thrown [s\src\hotspot\share\prims\jni.cpp, line 520]
Event: 85.039 Thread 0x000002c464538e90 Exception <a 'sun/nio/fs/WindowsException'{0x00000000d58ecd50}> (0x00000000d58ecd50) 
thrown [s\src\hotspot\share\prims\jni.cpp, line 520]
Event: 85.042 Thread 0x000002c464538e90 Exception <a 'sun/nio/fs/WindowsException'{0x00000000d58ed650}> (0x00000000d58ed650) 
thrown [s\src\hotspot\share\prims\jni.cpp, line 520]
Event: 85.962 Thread 0x000002c4612f5000 Implicit null exception at 0x000002c40d66402b to 0x000002c40d6652a8
Event: 86.088 Thread 0x000002c45b7c2df0 Exception <a 'java/lang/NoSuchMethodError'{0x00000000d60909e0}: 'java.lang.Object java.lang.invoke.DirectMethodHandle$Holder.invokeStatic(java.lang.Object, java.lang.Object, int, java.lang.Object)'> (0x00000000d60909e0) 
thrown [s\src\hotspot\share\interpreter\linkResolver.cpp, line 773]
Event: 86.092 Thread 0x000002c45b7c2df0 Exception <a 'java/lang/NoSuchMethodError'{0x00000000d6097010}: 'java.lang.Object java.lang.invoke.DirectMethodHandle$Holder.newInvokeSpecial(java.lang.Object, java.lang.Object, int)'> (0x00000000d6097010) 
thrown [s\src\hotspot\share\interpreter\linkResolver.cpp, line 773]
Event: 88.640 Thread 0x000002c45b7c41a0 Exception <a 'java/lang/IncompatibleClassChangeError'{0x00000000d5b0c150}: Found class java.lang.Object, but interface was expected> (0x00000000d5b0c150) 
thrown [s\src\hotspot\share\interpreter\linkResolver.cpp, line 840]

ZGC Phase Switch (0 events):
No events

VM Operations (20 events):
Event: 7936.492 Executing non-safepoint VM operation: HandshakeAllThreads (HandshakeForDeflation)
Event: 7936.492 Executing non-safepoint VM operation: HandshakeAllThreads (HandshakeForDeflation) done
Event: 7936.492 Executing non-safepoint VM operation: RendezvousGCThreads
Event: 7936.492 Executing non-safepoint VM operation: RendezvousGCThreads done
Event: 8116.882 Executing non-safepoint VM operation: HandshakeAllThreads (HandshakeForDeflation)
Event: 8116.882 Executing non-safepoint VM operation: HandshakeAllThreads (HandshakeForDeflation) done
Event: 8116.883 Executing non-safepoint VM operation: RendezvousGCThreads
Event: 8116.883 Executing non-safepoint VM operation: RendezvousGCThreads done
Event: 8237.152 Executing non-safepoint VM operation: HandshakeAllThreads (HandshakeForDeflation)
Event: 8237.152 Executing non-safepoint VM operation: HandshakeAllThreads (HandshakeForDeflation) done
Event: 8237.152 Executing non-safepoint VM operation: RendezvousGCThreads
Event: 8237.152 Executing non-safepoint VM operation: RendezvousGCThreads done
Event: 8297.327 Executing non-safepoint VM operation: HandshakeAllThreads (HandshakeForDeflation)
Event: 8297.327 Executing non-safepoint VM operation: HandshakeAllThreads (HandshakeForDeflation) done
Event: 8297.327 Executing non-safepoint VM operation: RendezvousGCThreads
Event: 8297.327 Executing non-safepoint VM operation: RendezvousGCThreads done
Event: 8417.540 Executing non-safepoint VM operation: HandshakeAllThreads (HandshakeForDeflation)
Event: 8417.540 Executing non-safepoint VM operation: HandshakeAllThreads (HandshakeForDeflation) done
Event: 8417.540 Executing non-safepoint VM operation: RendezvousGCThreads
Event: 8417.540 Executing non-safepoint VM operation: RendezvousGCThreads done

Memory protections (0 events):
No events

Nmethod flushes (20 events):
Event: 77.170 Thread 0x000002c4021aeb40 flushing  nmethod 0x000002c405c17290
Event: 77.170 Thread 0x000002c4021aeb40 flushing  nmethod 0x000002c405c17b90
Event: 77.170 Thread 0x000002c4021aeb40 flushing  nmethod 0x000002c405c18010
Event: 77.170 Thread 0x000002c4021aeb40 flushing  nmethod 0x000002c405c19490
Event: 77.170 Thread 0x000002c4021aeb40 flushing  nmethod 0x000002c405c19a90
Event: 77.170 Thread 0x000002c4021aeb40 flushing  nmethod 0x000002c405c19e90
Event: 77.170 Thread 0x000002c4021aeb40 flushing  nmethod 0x000002c405c1b410
Event: 77.170 Thread 0x000002c4021aeb40 flushing  nmethod 0x000002c405c1cb90
Event: 77.170 Thread 0x000002c4021aeb40 flushing  nmethod 0x000002c405c3ac10
Event: 77.170 Thread 0x000002c4021aeb40 flushing  nmethod 0x000002c405c3c210
Event: 77.170 Thread 0x000002c4021aeb40 flushing  nmethod 0x000002c405c3f510
Event: 77.170 Thread 0x000002c4021aeb40 flushing  nmethod 0x000002c405c46990
Event: 77.170 Thread 0x000002c4021aeb40 flushing  nmethod 0x000002c405c70b90
Event: 77.170 Thread 0x000002c4021aeb40 flushing  nmethod 0x000002c405c71190
Event: 77.170 Thread 0x000002c4021aeb40 flushing  nmethod 0x000002c405c71a10
Event: 77.170 Thread 0x000002c4021aeb40 flushing  nmethod 0x000002c405c72110
Event: 77.170 Thread 0x000002c4021aeb40 flushing  nmethod 0x000002c405c72490
Event: 77.170 Thread 0x000002c4021aeb40 flushing  nmethod 0x000002c405c74390
Event: 77.170 Thread 0x000002c4021aeb40 flushing  nmethod 0x000002c405caab10
Event: 77.170 Thread 0x000002c4021aeb40 flushing  nmethod 0x000002c405ccab90

Events (20 events):
Event: 84.900 Thread 0x000002c4602df210 Thread exited: 0x000002c4602df210
Event: 85.058 Thread 0x000002c45b4752e0 Thread added: 0x000002c4602dffb0
Event: 85.633 Thread 0x000002c4602dffb0 Thread exited: 0x000002c4602dffb0
Event: 85.702 Thread 0x000002c4602de470 Thread exited: 0x000002c4602de470
Event: 85.894 Thread 0x000002c45b4752e0 Thread added: 0x000002c4602e0680
Event: 86.019 Thread 0x000002c45b4752e0 Thread added: 0x000002c4602df210
Event: 99.893 Thread 0x000002c4602df210 Thread exited: 0x000002c4602df210
Event: 100.085 Thread 0x000002c45b4752e0 Thread added: 0x000002c462bcf840
Event: 105.274 Thread 0x000002c4602e0680 Thread exited: 0x000002c4602e0680
Event: 105.274 Thread 0x000002c462bcf840 Thread exited: 0x000002c462bcf840
Event: 146.060 Thread 0x000002c45b7c0d20 Thread exited: 0x000002c45b7c0d20
Event: 146.060 Thread 0x000002c45b7c3480 Thread exited: 0x000002c45b7c3480
Event: 146.126 Thread 0x000002c4612f5000 Thread exited: 0x000002c4612f5000
Event: 146.171 Thread 0x000002c45b7c2760 Thread exited: 0x000002c45b7c2760
Event: 206.129 Thread 0x000002c464538e90 Thread exited: 0x000002c464538e90
Event: 266.133 Thread 0x000002c462074ab0 Thread exited: 0x000002c462074ab0
Event: 326.146 Thread 0x000002c46453a240 Thread exited: 0x000002c46453a240
Event: 386.152 Thread 0x000002c46453bc80 Thread exited: 0x000002c46453bc80
Event: 446.154 Thread 0x000002c46453a8d0 Thread exited: 0x000002c46453a8d0
Event: 506.169 Thread 0x000002c464539520 Thread exited: 0x000002c464539520


Dynamic libraries:
0x00007ff7f48a0000 - 0x00007ff7f48ae000 	c:\Users\10User\.antigravity\extensions\redhat.java-1.53.0-win32-x64\jre\21.0.10-win32-x86_64\bin\java.exe
0x00007ffc17370000 - 0x00007ffc17588000 	C:\WINDOWS\SYSTEM32\ntdll.dll
0x00007ffc15f70000 - 0x00007ffc16034000 	C:\WINDOWS\System32\KERNEL32.DLL
0x00007ffc148b0000 - 0x00007ffc14c83000 	C:\WINDOWS\System32\KERNELBASE.dll
0x00007ffc14670000 - 0x00007ffc14781000 	C:\WINDOWS\System32\ucrtbase.dll
0x00007ffbec1c0000 - 0x00007ffbec1d8000 	c:\Users\10User\.antigravity\extensions\redhat.java-1.53.0-win32-x64\jre\21.0.10-win32-x86_64\bin\jli.dll
0x00007ffc17150000 - 0x00007ffc17302000 	C:\WINDOWS\System32\USER32.dll
0x00007ffc14cc0000 - 0x00007ffc14ce6000 	C:\WINDOWS\System32\win32u.dll
0x00007ffc16150000 - 0x00007ffc16179000 	C:\WINDOWS\System32\GDI32.dll
0x00007ffc14790000 - 0x00007ffc148ab000 	C:\WINDOWS\System32\gdi32full.dll
0x00007ffc14e30000 - 0x00007ffc14eca000 	C:\WINDOWS\System32\msvcp_win.dll
0x00007ffbec140000 - 0x00007ffbec15e000 	c:\Users\10User\.antigravity\extensions\redhat.java-1.53.0-win32-x64\jre\21.0.10-win32-x86_64\bin\VCRUNTIME140.dll
0x00007ffbfa750000 - 0x00007ffbfa9ec000 	C:\WINDOWS\WinSxS\amd64_microsoft.windows.common-controls_6595b64144ccf1df_6.0.22621.6060_none_2712eda17382d24b\COMCTL32.dll
0x00007ffc152f0000 - 0x00007ffc15397000 	C:\WINDOWS\System32\msvcrt.dll
0x00007ffc15770000 - 0x00007ffc157a1000 	C:\WINDOWS\System32\IMM32.DLL
0x00007ffc0ae20000 - 0x00007ffc0ae2c000 	c:\Users\10User\.antigravity\extensions\redhat.java-1.53.0-win32-x64\jre\21.0.10-win32-x86_64\bin\vcruntime140_1.dll
0x00007ffbc6fe0000 - 0x00007ffbc706d000 	c:\Users\10User\.antigravity\extensions\redhat.java-1.53.0-win32-x64\jre\21.0.10-win32-x86_64\bin\msvcp140.dll
0x00007ffb8bd00000 - 0x00007ffb8caa1000 	c:\Users\10User\.antigravity\extensions\redhat.java-1.53.0-win32-x64\jre\21.0.10-win32-x86_64\bin\server\jvm.dll
0x00007ffc17090000 - 0x00007ffc17141000 	C:\WINDOWS\System32\ADVAPI32.dll
0x00007ffc157b0000 - 0x00007ffc15858000 	C:\WINDOWS\System32\sechost.dll
0x00007ffc14c90000 - 0x00007ffc14cb8000 	C:\WINDOWS\System32\bcrypt.dll
0x00007ffc158f0000 - 0x00007ffc15a08000 	C:\WINDOWS\System32\RPCRT4.dll
0x00007ffc15870000 - 0x00007ffc158e1000 	C:\WINDOWS\System32\WS2_32.dll
0x00007ffc13290000 - 0x00007ffc132dd000 	C:\WINDOWS\SYSTEM32\POWRPROF.dll
0x00007ffc0e890000 - 0x00007ffc0e8c4000 	C:\WINDOWS\SYSTEM32\WINMM.dll
0x00007ffc111f0000 - 0x00007ffc111fa000 	C:\WINDOWS\SYSTEM32\VERSION.dll
0x00007ffc13270000 - 0x00007ffc13283000 	C:\WINDOWS\SYSTEM32\UMPDC.dll
0x00007ffc13510000 - 0x00007ffc13528000 	C:\WINDOWS\SYSTEM32\kernel.appcore.dll
0x00007ffbfd180000 - 0x00007ffbfd18a000 	c:\Users\10User\.antigravity\extensions\redhat.java-1.53.0-win32-x64\jre\21.0.10-win32-x86_64\bin\jimage.dll
0x00007ffc11ef0000 - 0x00007ffc12123000 	C:\WINDOWS\SYSTEM32\DBGHELP.DLL
0x00007ffc15a10000 - 0x00007ffc15da1000 	C:\WINDOWS\System32\combase.dll
0x00007ffc161d0000 - 0x00007ffc162a8000 	C:\WINDOWS\System32\OLEAUT32.dll
0x00007ffbf5c60000 - 0x00007ffbf5c92000 	C:\WINDOWS\SYSTEM32\dbgcore.DLL
0x00007ffc14ed0000 - 0x00007ffc14f4b000 	C:\WINDOWS\System32\bcryptPrimitives.dll
0x00007ffbfbaa0000 - 0x00007ffbfbaaf000 	c:\Users\10User\.antigravity\extensions\redhat.java-1.53.0-win32-x64\jre\21.0.10-win32-x86_64\bin\instrument.dll
0x00007ffbdd2d0000 - 0x00007ffbdd2f0000 	c:\Users\10User\.antigravity\extensions\redhat.java-1.53.0-win32-x64\jre\21.0.10-win32-x86_64\bin\java.dll
0x00007ffc162b0000 - 0x00007ffc16b4c000 	C:\WINDOWS\System32\SHELL32.dll
0x00007ffc14cf0000 - 0x00007ffc14e2f000 	C:\WINDOWS\System32\wintypes.dll
0x00007ffc12340000 - 0x00007ffc12c5a000 	C:\WINDOWS\SYSTEM32\windows.storage.dll
0x00007ffc154a0000 - 0x00007ffc155a4000 	C:\WINDOWS\System32\SHCORE.dll
0x00007ffc15430000 - 0x00007ffc15499000 	C:\WINDOWS\System32\shlwapi.dll
0x00007ffc143b0000 - 0x00007ffc143d5000 	C:\WINDOWS\SYSTEM32\profapi.dll
0x00007ffbd0380000 - 0x00007ffbd0398000 	c:\Users\10User\.antigravity\extensions\redhat.java-1.53.0-win32-x64\jre\21.0.10-win32-x86_64\bin\zip.dll
0x00007ffbfad80000 - 0x00007ffbfad90000 	C:\Users\10User\.antigravity\extensions\redhat.java-1.53.0-win32-x64\jre\21.0.10-win32-x86_64\bin\net.dll
0x00007ffc11760000 - 0x00007ffc1188c000 	C:\WINDOWS\SYSTEM32\WINHTTP.dll
0x00007ffc139d0000 - 0x00007ffc13a39000 	C:\WINDOWS\system32\mswsock.dll
0x00007ffbcfbd0000 - 0x00007ffbcfbe6000 	C:\Users\10User\.antigravity\extensions\redhat.java-1.53.0-win32-x64\jre\21.0.10-win32-x86_64\bin\nio.dll
0x00007ffbf9990000 - 0x00007ffbf99a0000 	c:\Users\10User\.antigravity\extensions\redhat.java-1.53.0-win32-x64\jre\21.0.10-win32-x86_64\bin\verify.dll
0x00007ffb9c190000 - 0x00007ffb9c1d5000 	C:\Users\10User\AppData\Roaming\Antigravity\User\globalStorage\redhat.java\1.53.0\config_win\org.eclipse.equinox.launcher\org.eclipse.equinox.launcher.win32.win32.x86_64_1.3.0.v20260203-2149\eclipse_11919.dll
0x00007ffc15010000 - 0x00007ffc151b1000 	C:\WINDOWS\System32\ole32.dll
0x00007ffc13d20000 - 0x00007ffc13d3b000 	C:\WINDOWS\SYSTEM32\CRYPTSP.dll
0x00007ffc13470000 - 0x00007ffc134a7000 	C:\WINDOWS\system32\rsaenh.dll
0x00007ffc13a70000 - 0x00007ffc13a98000 	C:\WINDOWS\SYSTEM32\USERENV.dll
0x00007ffc13d00000 - 0x00007ffc13d0c000 	C:\WINDOWS\SYSTEM32\CRYPTBASE.dll
0x00007ffc12f70000 - 0x00007ffc12f9d000 	C:\WINDOWS\SYSTEM32\IPHLPAPI.DLL
0x00007ffc16b50000 - 0x00007ffc16b59000 	C:\WINDOWS\System32\NSI.dll
0x00007ffb9a710000 - 0x00007ffb9a759000 	C:\Users\10User\AppData\Local\Temp\jna-1449803402\jna16109401201690894444.dll
0x00007ffc15860000 - 0x00007ffc15868000 	C:\WINDOWS\System32\PSAPI.DLL
0x00007ffc0eca0000 - 0x00007ffc0ecb9000 	C:\WINDOWS\SYSTEM32\dhcpcsvc6.DLL
0x00007ffc0eac0000 - 0x00007ffc0eadf000 	C:\WINDOWS\SYSTEM32\dhcpcsvc.DLL

JVMTI agents:
c:\Users\10User\.antigravity\extensions\redhat.java-1.53.0-win32-x64\lombok\lombok-1.18.39-4050.jar path:c:\Users\10User\.antigravity\extensions\redhat.java-1.53.0-win32-x64\jre\21.0.10-win32-x86_64\bin\instrument.dll, loaded, initialized, instrumentlib options:none

dbghelp: loaded successfully - version: 4.0.5 - missing functions: none
symbol engine: initialized successfully - sym options: 0x614 - pdb path: .;c:\Users\10User\.antigravity\extensions\redhat.java-1.53.0-win32-x64\jre\21.0.10-win32-x86_64\bin;C:\WINDOWS\SYSTEM32;C:\WINDOWS\WinSxS\amd64_microsoft.windows.common-controls_6595b64144ccf1df_6.0.22621.6060_none_2712eda17382d24b;c:\Users\10User\.antigravity\extensions\redhat.java-1.53.0-win32-x64\jre\21.0.10-win32-x86_64\bin\server;C:\Users\10User\AppData\Roaming\Antigravity\User\globalStorage\redhat.java\1.53.0\config_win\org.eclipse.equinox.launcher\org.eclipse.equinox.launcher.win32.win32.x86_64_1.3.0.v20260203-2149;C:\Users\10User\AppData\Local\Temp\jna-1449803402

VM Arguments:
jvm_args: --add-modules=ALL-SYSTEM --add-opens=java.base/java.util=ALL-UNNAMED --add-opens=java.base/java.lang=ALL-UNNAMED --add-opens=java.base/sun.nio.fs=ALL-UNNAMED -Declipse.application=org.eclipse.jdt.ls.core.id1 -Dosgi.bundles.defaultStartLevel=4 -Declipse.product=org.eclipse.jdt.ls.core.product -Djava.import.generatesMetadataFilesAtProjectRoot=false -DDetectVMInstallationsJob.disabled=true -Dfile.encoding=utf8 -XX:+UseParallelGC -XX:GCTimeRatio=4 -XX:AdaptiveSizePolicyWeight=90 -Dsun.zip.disableMemoryMapping=true -Xmx2G -Xms100m -Xlog:disable -javaagent:c:\Users\10User\.antigravity\extensions\redhat.java-1.53.0-win32-x64\lombok\lombok-1.18.39-4050.jar -XX:+HeapDumpOnOutOfMemoryError -XX:HeapDumpPath=c:\Users\10User\AppData\Roaming\Antigravity\User\workspaceStorage\87b9c16336d0eeb3b61819c84efdccda\redhat.java -Daether.dependencyCollector.impl=bf 
java_command: c:\Users\10User\.antigravity\extensions\redhat.java-1.53.0-win32-x64\server\plugins\org.eclipse.equinox.launcher_1.7.100.v20251111-0406.jar -configuration c:\Users\10User\AppData\Roaming\Antigravity\User\globalStorage\redhat.java\1.53.0\config_win -data c:\Users\10User\AppData\Roaming\Antigravity\User\workspaceStorage\87b9c16336d0eeb3b61819c84efdccda\redhat.java\jdt_ws --pipe=\\.\pipe\lsp-0e3cd48ecbf6fcf8206ce250dc1868b6-sock
java_class_path (initial): c:\Users\10User\.antigravity\extensions\redhat.java-1.53.0-win32-x64\server\plugins\org.eclipse.equinox.launcher_1.7.100.v20251111-0406.jar
Launcher Type: SUN_STANDARD

[Global flags]
    uintx AdaptiveSizePolicyWeight                 = 90                                        {product} {command line}
     intx CICompilerCount                          = 4                                         {product} {ergonomic}
    uintx GCTimeRatio                              = 4                                         {product} {command line}
     bool HeapDumpOnOutOfMemoryError               = true                                   {manageable} {command line}
    ccstr HeapDumpPath                             = c:\Users\10User\AppData\Roaming\Antigravity\User\workspaceStorage\87b9c16336d0eeb3b61819c84efdccda\redhat.java         {manageable} {command line}
   size_t InitialHeapSize                          = 104857600                                 {product} {command line}
   size_t MaxHeapSize                              = 2147483648                                {product} {command line}
   size_t MaxNewSize                               = 715653120                                 {product} {ergonomic}
   size_t MinHeapDeltaBytes                        = 524288                                    {product} {ergonomic}
   size_t MinHeapSize                              = 104857600                                 {product} {command line}
   size_t NewSize                                  = 34603008                                  {product} {ergonomic}
    uintx NonNMethodCodeHeapSize                   = 5839372                                {pd product} {ergonomic}
    uintx NonProfiledCodeHeapSize                  = 122909434                              {pd product} {ergonomic}
   size_t OldSize                                  = 70254592                                  {product} {ergonomic}
    uintx ProfiledCodeHeapSize                     = 122909434                              {pd product} {ergonomic}
    uintx ReservedCodeCacheSize                    = 251658240                              {pd product} {ergonomic}
     bool SegmentedCodeCache                       = true                                      {product} {ergonomic}
   size_t SoftMaxHeapSize                          = 2147483648                             {manageable} {ergonomic}
     bool UseCompressedOops                        = true                           {product lp64_product} {ergonomic}
     bool UseLargePagesIndividualAllocation        = false                                  {pd product} {ergonomic}
     bool UseParallelGC                            = true                                      {product} {command line}

Logging:
Log output configuration:
 #0: stdout all=off uptime,level,tags foldmultilines=false
 #1: stderr all=off uptime,level,tags foldmultilines=false

Release file:
JAVA_VERSION="21.0.10" 
MODULES="java.base java.compiler java.datatransfer java.xml java.prefs java.desktop java.instrument java.logging java.management java.security.sasl java.naming java.rmi java.management.rmi java.net.http java.scripting java.security.jgss java.transaction.xa java.sql java.sql.rowset java.xml.crypto java.se java.smartcardio jdk.accessibility jdk.internal.jvmstat jdk.attach jdk.charsets jdk.internal.opt jdk.zipfs jdk.compiler jdk.crypto.ec jdk.crypto.cryptoki jdk.crypto.mscapi jdk.dynalink jdk.internal.ed jdk.editpad jdk.hotspot.agent jdk.httpserver jdk.internal.le jdk.internal.vm.ci jdk.internal.vm.compiler jdk.internal.vm.compiler.management jdk.jartool jdk.javadoc jdk.jcmd jdk.management jdk.management.agent jdk.jconsole jdk.jdeps jdk.jdwp.agent jdk.jdi jdk.jfr jdk.jshell jdk.jsobject jdk.jstatd jdk.localedata jdk.management.jfr jdk.naming.dns jdk.naming.rmi jdk.net jdk.nio.mapmode jdk.random jdk.sctp jdk.security.auth jdk.security.jgss jdk.unsupported jdk.unsupported.desktop jdk.xml.dom" 

Environment Variables:
JAVA_HOME=C:\Program Files\Java\jdk-21.0.10
PATH=C:\Program Files (x86)\VMware\VMware Workstation\bin\;C:\Program Files\Python313\Scripts\;C:\Program Files\Python313\;C:\Program Files\Common Files\Oracle\Java\javapath;C:\WINDOWS\system32;C:\WINDOWS;C:\WINDOWS\System32\Wbem;C:\WINDOWS\System32\WindowsPowerShell\v1.0\;C:\WINDOWS\System32\OpenSSH\;C:\Program Files\dotnet\;C:\Program Files (x86)\Intel\Intel(R) Management Engine Components\DAL;C:\Program Files\Intel\Intel(R) Management Engine Components\DAL;C:\Program Files\Java\jdk-20\bin;C:\Program Files\Intel\WiFi\bin\;C:\Program Files\Common Files\Intel\WirelessCommon\;D:\platform-tools-latest-windows\platform-tools;C:\Program Files\nodejs\;C:\Users\10User\AppData\Local\Programs\Python\Python39\Scripts;D:\ffmpeg-master-latest-win64-gpl-shared\bin;C:\Program Files\Git\cmd;C:\Program Files\Docker\Docker\resources\bin;C:\Users\10User\AppData\Local\Microsoft\WindowsApps;C:\Users\10User\AppData\Local\Programs\Microsoft VS Code\bin;C:\Users\10User\AppData\Local\GitHubDesktop\bin;C:\Program Files\JetBrains\IntelliJ IDEA Community Edition 2023.2.3\bin;;C:\Program Files\MySQL\MySQL Server 8.4\bin;C:\Users\10User\AppData\Roaming\npm;C:\Users\10User\AppData\Local\Python\bin;C:\Program Files\JetBrains\IntelliJ IDEA 2025.3.1.1\bin;C:\Users\10User\AppData\Local\Programs\Antigravity\bin;C:\Users\10User\Downloads\stripe_1.40.0_windows_x86_64\stripe.exe;C:\Users\10User\AppData\Local\Microsoft\WinGet\Packages\Stripe.StripeCli_Microsoft.Winget.Source_8wekyb3d8bbwe;
USERNAME=10User
OS=Windows_NT
PROCESSOR_IDENTIFIER=Intel64 Family 6 Model 142 Stepping 10, GenuineIntel
TMP=C:\Users\10User\AppData\Local\Temp
TEMP=C:\Users\10User\AppData\Local\Temp




Periodic native trim disabled

---------------  S Y S T E M  ---------------

OS:
 Windows 11 , 64 bit Build 22621 (10.0.22621.5415)
OS uptime: 3 days 3:31 hours
Hyper-V role detected

CPU: total 8 (initial active 8) (4 cores per cpu, 2 threads per core) family 6 model 142 stepping 10 microcode 0xe0, cx8, cmov, fxsr, ht, mmx, 3dnowpref, sse, sse2, sse3, ssse3, sse4.1, sse4.2, popcnt, lzcnt, tsc, tscinvbit, avx, avx2, aes, erms, clmul, bmi1, bmi2, rtm, adx, fma, vzeroupper, clflush, clflushopt, hv, rdtscp, f16c
Processor Information for the first 8 processors :
  Max Mhz: 1896, Current Mhz: 1696, Mhz Limit: 1687

Memory: 4k page, system-wide physical 16254M (1240M free)
TotalPageFile size 35287M (AvailPageFile size 0M)
current process WorkingSet (physical memory assigned to process): 45M, peak: 472M
current process commit charge ("private bytes"): 461M, peak: 547M

vm_info: OpenJDK 64-Bit Server VM (21.0.10+7-LTS) for windows-amd64 JRE (21.0.10+7-LTS), built on 2026-01-20T00:00:00Z by "admin" with MS VC++ 17.12 (VS2022)

END.
